<?xml version="1.0" encoding="UTF-8"?>
<!-- Generated by org.testng.reporters.JUnitXMLReporter -->
<testsuite hostname="SSTPR043" ignored="0" name="Default test" tests="3" failures="0" timestamp="09 Aug 2019 06:40:20 GMT" time="0.042" errors="0">
  <testcase name="Browser" time="0.005" classname="GitHub.Project.sample"/>
  <testcase name="Dashboard" time="0.002" classname="GitHub.Project.sample"/>
  <testcase name="Home" time="0.001" classname="GitHub.Project.sample"/>
</testsuite> <!-- Default test -->
