<?xml version="1.0" encoding="UTF-8"?>
<testng-results skipped="0" failed="0" ignored="0" total="3" passed="3">
  <reporter-output>
  </reporter-output>
  <suite name="Default suite" duration-ms="42" started-at="2019-08-09T06:40:20Z" finished-at="2019-08-09T06:40:20Z">
    <groups>
      <group name="1">
        <method signature="sample.Browser()[pri:0, instance:GitHub.Project.sample@100fc185]" name="Browser" class="GitHub.Project.sample"/>
        <method signature="sample.Dashboard()[pri:0, instance:GitHub.Project.sample@100fc185]" name="Dashboard" class="GitHub.Project.sample"/>
      </group> <!-- 1 -->
      <group name="2">
        <method signature="sample.Home()[pri:0, instance:GitHub.Project.sample@100fc185]" name="Home" class="GitHub.Project.sample"/>
      </group> <!-- 2 -->
    </groups>
    <test name="Default test" duration-ms="42" started-at="2019-08-09T06:40:20Z" finished-at="2019-08-09T06:40:20Z">
      <class name="GitHub.Project.sample">
        <test-method status="PASS" signature="Start()[pri:0, instance:GitHub.Project.sample@100fc185]" name="Start" is-config="true" duration-ms="12" started-at="2019-08-09T06:40:20Z" finished-at="2019-08-09T06:40:20Z">
          <reporter-output>
          </reporter-output>
        </test-method> <!-- Start -->
        <test-method status="PASS" signature="Browser()[pri:0, instance:GitHub.Project.sample@100fc185]" name="Browser" duration-ms="5" started-at="2019-08-09T06:40:20Z" finished-at="2019-08-09T06:40:20Z">
          <reporter-output>
          </reporter-output>
        </test-method> <!-- Browser -->
        <test-method status="PASS" signature="Dashboard()[pri:0, instance:GitHub.Project.sample@100fc185]" name="Dashboard" duration-ms="2" started-at="2019-08-09T06:40:20Z" finished-at="2019-08-09T06:40:20Z">
          <reporter-output>
          </reporter-output>
        </test-method> <!-- Dashboard -->
        <test-method status="PASS" signature="Home()[pri:0, instance:GitHub.Project.sample@100fc185]" name="Home" duration-ms="1" started-at="2019-08-09T06:40:20Z" finished-at="2019-08-09T06:40:20Z">
          <reporter-output>
          </reporter-output>
        </test-method> <!-- Home -->
        <test-method status="PASS" signature="End()[pri:0, instance:GitHub.Project.sample@100fc185]" name="End" is-config="true" duration-ms="0" started-at="2019-08-09T06:40:20Z" finished-at="2019-08-09T06:40:20Z">
          <reporter-output>
          </reporter-output>
        </test-method> <!-- End -->
      </class> <!-- GitHub.Project.sample -->
    </test> <!-- Default test -->
  </suite> <!-- Default suite -->
</testng-results>
